<?xml version="1.0" encoding="UTF-8"?>
<coverage generated="1554153185846" clover="3.2.0">
  <project timestamp="1554153185846" name="All files">
    <metrics statements="16" coveredstatements="16" conditionals="6" coveredconditionals="4" methods="9" coveredmethods="9" elements="31" coveredelements="29" complexity="0" loc="16" ncloc="16" packages="2" files="2" classes="2"/>
    <package name="_atoms.01-list_items">
      <metrics statements="12" coveredstatements="12" conditionals="4" coveredconditionals="2" methods="7" coveredmethods="7"/>
      <file name="HeaderListItemA.jsx" path="/Users/mcithegod/Projects/keith_alleman_dot_com/src/components/_atoms/01-list_items/HeaderListItemA.jsx">
        <metrics statements="12" coveredstatements="12" conditionals="4" coveredconditionals="2" methods="7" coveredmethods="7"/>
        <line num="5" count="1" type="stmt"/>
        <line num="9" count="1" type="stmt"/>
        <line num="11" count="2" type="stmt"/>
        <line num="19" count="2" type="stmt"/>
        <line num="29" count="2" type="stmt"/>
        <line num="44" count="2" type="stmt"/>
        <line num="49" count="1" type="stmt"/>
        <line num="50" count="2" type="stmt"/>
        <line num="55" count="2" type="cond" truecount="1" falsecount="1"/>
        <line num="59" count="1" type="stmt"/>
        <line num="60" count="2" type="stmt"/>
        <line num="62" count="2" type="stmt"/>
      </file>
    </package>
    <package name="_molecules.02-body_containers">
      <metrics statements="4" coveredstatements="4" conditionals="2" coveredconditionals="2" methods="2" coveredmethods="2"/>
      <file name="MainRoleContainerM.jsx" path="/Users/mcithegod/Projects/keith_alleman_dot_com/src/components/_molecules/02-body_containers/MainRoleContainerM.jsx">
        <metrics statements="4" coveredstatements="4" conditionals="2" coveredconditionals="2" methods="2" coveredmethods="2"/>
        <line num="4" count="1" type="stmt"/>
        <line num="14" count="4" type="cond" truecount="2" falsecount="0"/>
        <line num="23" count="1" type="stmt"/>
        <line num="24" count="3" type="stmt"/>
      </file>
    </package>
  </project>
</coverage>
