{"/Users/mci/Projects/keith_alleman_dot_com/src/styled-components.js": {"path":"/Users/mci/Projects/keith_alleman_dot_com/src/styled-components.js","statementMap":{"0":{"start":{"line":23,"column":32},"end":{"line":26,"column":1}},"1":{"start":{"line":24,"column":16},"end":{"line":24,"column":43}},"2":{"start":{"line":25,"column":2},"end":{"line":25,"column":46}},"3":{"start":{"line":28,"column":30},"end":{"line":31,"column":1}},"4":{"start":{"line":29,"column":16},"end":{"line":29,"column":43}},"5":{"start":{"line":30,"column":2},"end":{"line":30,"column":72}}},"fnMap":{"0":{"name":"(anonymous_0)","decl":{"start":{"line":23,"column":32},"end":{"line":23,"column":33}},"loc":{"start":{"line":23,"column":59},"end":{"line":26,"column":1}},"line":23},"1":{"name":"(anonymous_1)","decl":{"start":{"line":28,"column":30},"end":{"line":28,"column":31}},"loc":{"start":{"line":28,"column":58},"end":{"line":31,"column":1}},"line":28}},"branchMap":{"0":{"loc":{"start":{"line":24,"column":16},"end":{"line":24,"column":43}},"type":"binary-expr","locations":[{"start":{"line":24,"column":16},"end":{"line":24,"column":27}},{"start":{"line":24,"column":31},"end":{"line":24,"column":43}}],"line":24},"1":{"loc":{"start":{"line":29,"column":16},"end":{"line":29,"column":43}},"type":"binary-expr","locations":[{"start":{"line":29,"column":16},"end":{"line":29,"column":27}},{"start":{"line":29,"column":31},"end":{"line":29,"column":43}}],"line":29}},"s":{"0":19,"1":0,"2":0,"3":19,"4":11,"5":11},"f":{"0":0,"1":11},"b":{"0":[0,0],"1":[11,6]},"_coverageSchema":"43e27e138ebf9cfc5966b082cf9a028302ed4184","hash":"51a679c5c9e2cab4aae880ed4ae66a8867f0c970"}
,"/Users/mci/Projects/keith_alleman_dot_com/src/theme.js": {"path":"/Users/mci/Projects/keith_alleman_dot_com/src/theme.js","statementMap":{"0":{"start":{"line":1,"column":21},"end":{"line":10,"column":1}}},"fnMap":{},"branchMap":{},"s":{"0":19},"f":{},"b":{},"_coverageSchema":"43e27e138ebf9cfc5966b082cf9a028302ed4184","hash":"a3adc9e1ea002c0a0d70c2f24d3c48406fcf0e33"}
,"/Users/mci/Projects/keith_alleman_dot_com/src/components/_atoms/00-links/HeaderLinkA.jsx": {"path":"/Users/mci/Projects/keith_alleman_dot_com/src/components/_atoms/00-links/HeaderLinkA.jsx","statementMap":{"0":{"start":{"line":5,"column":25},"end":{"line":46,"column":1}},"1":{"start":{"line":7,"column":23},"end":{"line":7,"column":47}},"2":{"start":{"line":16,"column":27},"end":{"line":16,"column":51}},"3":{"start":{"line":26,"column":36},"end":{"line":26,"column":62}},"4":{"start":{"line":43,"column":41},"end":{"line":43,"column":67}},"5":{"start":{"line":48,"column":20},"end":{"line":58,"column":1}},"6":{"start":{"line":49,"column":17},"end":{"line":49,"column":41}},"7":{"start":{"line":50,"column":4},"end":{"line":57,"column":5}}},"fnMap":{"0":{"name":"(anonymous_0)","decl":{"start":{"line":7,"column":14},"end":{"line":7,"column":15}},"loc":{"start":{"line":7,"column":23},"end":{"line":7,"column":47}},"line":7},"1":{"name":"(anonymous_1)","decl":{"start":{"line":16,"column":18},"end":{"line":16,"column":19}},"loc":{"start":{"line":16,"column":27},"end":{"line":16,"column":51}},"line":16},"2":{"name":"(anonymous_2)","decl":{"start":{"line":26,"column":27},"end":{"line":26,"column":28}},"loc":{"start":{"line":26,"column":36},"end":{"line":26,"column":62}},"line":26},"3":{"name":"(anonymous_3)","decl":{"start":{"line":43,"column":32},"end":{"line":43,"column":33}},"loc":{"start":{"line":43,"column":41},"end":{"line":43,"column":67}},"line":43},"4":{"name":"(anonymous_4)","decl":{"start":{"line":48,"column":20},"end":{"line":48,"column":21}},"loc":{"start":{"line":48,"column":33},"end":{"line":58,"column":1}},"line":48}},"branchMap":{"0":{"loc":{"start":{"line":52,"column":24},"end":{"line":54,"column":28}},"type":"cond-expr","locations":[{"start":{"line":53,"column":12},"end":{"line":53,"column":33}},{"start":{"line":54,"column":14},"end":{"line":54,"column":28}}],"line":52},"1":{"loc":{"start":{"line":52,"column":24},"end":{"line":52,"column":85}},"type":"binary-expr","locations":[{"start":{"line":52,"column":24},"end":{"line":52,"column":39}},{"start":{"line":52,"column":44},"end":{"line":52,"column":85}}],"line":52}},"s":{"0":2,"1":12,"2":12,"3":12,"4":12,"5":2,"6":6,"7":6},"f":{"0":12,"1":12,"2":12,"3":12,"4":6},"b":{"0":[2,4],"1":[6,4]},"_coverageSchema":"43e27e138ebf9cfc5966b082cf9a028302ed4184","hash":"3eb7760bc2474f4ae4972deb984a86c5e3ede574"}
,"/Users/mci/Projects/keith_alleman_dot_com/src/components/_atoms/01-list_items/HeaderListItemA.jsx": {"path":"/Users/mci/Projects/keith_alleman_dot_com/src/components/_atoms/01-list_items/HeaderListItemA.jsx","statementMap":{"0":{"start":{"line":6,"column":29},"end":{"line":8,"column":1}},"1":{"start":{"line":10,"column":25},"end":{"line":18,"column":1}},"2":{"start":{"line":11,"column":23},"end":{"line":11,"column":49}},"3":{"start":{"line":16,"column":32},"end":{"line":16,"column":65}},"4":{"start":{"line":20,"column":24},"end":{"line":27,"column":1}},"5":{"start":{"line":21,"column":4},"end":{"line":26,"column":6}}},"fnMap":{"0":{"name":"(anonymous_0)","decl":{"start":{"line":11,"column":14},"end":{"line":11,"column":15}},"loc":{"start":{"line":11,"column":23},"end":{"line":11,"column":49}},"line":11},"1":{"name":"(anonymous_1)","decl":{"start":{"line":16,"column":23},"end":{"line":16,"column":24}},"loc":{"start":{"line":16,"column":32},"end":{"line":16,"column":65}},"line":16},"2":{"name":"(anonymous_2)","decl":{"start":{"line":20,"column":24},"end":{"line":20,"column":25}},"loc":{"start":{"line":20,"column":35},"end":{"line":27,"column":1}},"line":20}},"branchMap":{"0":{"loc":{"start":{"line":16,"column":32},"end":{"line":16,"column":65}},"type":"cond-expr","locations":[{"start":{"line":16,"column":45},"end":{"line":16,"column":53}},{"start":{"line":16,"column":56},"end":{"line":16,"column":65}}],"line":16}},"s":{"0":1,"1":1,"2":6,"3":6,"4":1,"5":4},"f":{"0":6,"1":6,"2":4},"b":{"0":[4,2]},"_coverageSchema":"43e27e138ebf9cfc5966b082cf9a028302ed4184","hash":"aad5f52326c4203715bcd6daff9d4c7360ca4db7"}
,"/Users/mci/Projects/keith_alleman_dot_com/src/components/_atoms/01-list_items/InterestListItemsA.jsx": {"path":"/Users/mci/Projects/keith_alleman_dot_com/src/components/_atoms/01-list_items/InterestListItemsA.jsx","statementMap":{"0":{"start":{"line":4,"column":26},"end":{"line":11,"column":1}}},"fnMap":{},"branchMap":{},"s":{"0":1},"f":{},"b":{},"_coverageSchema":"43e27e138ebf9cfc5966b082cf9a028302ed4184","hash":"822c35c88e8ecabc8946a23c8f7402f5b32429d2"}
,"/Users/mci/Projects/keith_alleman_dot_com/src/components/_atoms/02-logos/HeaderLgLogoA.jsx": {"path":"/Users/mci/Projects/keith_alleman_dot_com/src/components/_atoms/02-logos/HeaderLgLogoA.jsx","statementMap":{"0":{"start":{"line":5,"column":24},"end":{"line":5,"column":50}},"1":{"start":{"line":7,"column":22},"end":{"line":42,"column":1}},"2":{"start":{"line":14,"column":23},"end":{"line":14,"column":47}},"3":{"start":{"line":29,"column":27},"end":{"line":29,"column":51}},"4":{"start":{"line":38,"column":45},"end":{"line":38,"column":71}}},"fnMap":{"0":{"name":"(anonymous_0)","decl":{"start":{"line":14,"column":14},"end":{"line":14,"column":15}},"loc":{"start":{"line":14,"column":23},"end":{"line":14,"column":47}},"line":14},"1":{"name":"(anonymous_1)","decl":{"start":{"line":29,"column":18},"end":{"line":29,"column":19}},"loc":{"start":{"line":29,"column":27},"end":{"line":29,"column":51}},"line":29},"2":{"name":"(anonymous_2)","decl":{"start":{"line":38,"column":36},"end":{"line":38,"column":37}},"loc":{"start":{"line":38,"column":45},"end":{"line":38,"column":71}},"line":38}},"branchMap":{},"s":{"0":1,"1":1,"2":4,"3":4,"4":4},"f":{"0":4,"1":4,"2":4},"b":{},"_coverageSchema":"43e27e138ebf9cfc5966b082cf9a028302ed4184","hash":"3684fc5e1790400bc6397ce92870eaa96d3134ca"}
,"/Users/mci/Projects/keith_alleman_dot_com/src/components/_atoms/02-logos/HeaderSmLogoA.jsx": {"path":"/Users/mci/Projects/keith_alleman_dot_com/src/components/_atoms/02-logos/HeaderSmLogoA.jsx","statementMap":{"0":{"start":{"line":5,"column":24},"end":{"line":5,"column":50}},"1":{"start":{"line":7,"column":22},"end":{"line":29,"column":1}},"2":{"start":{"line":10,"column":23},"end":{"line":10,"column":47}},"3":{"start":{"line":22,"column":44},"end":{"line":22,"column":70}}},"fnMap":{"0":{"name":"(anonymous_0)","decl":{"start":{"line":10,"column":14},"end":{"line":10,"column":15}},"loc":{"start":{"line":10,"column":23},"end":{"line":10,"column":47}},"line":10},"1":{"name":"(anonymous_1)","decl":{"start":{"line":22,"column":35},"end":{"line":22,"column":36}},"loc":{"start":{"line":22,"column":44},"end":{"line":22,"column":70}},"line":22}},"branchMap":{},"s":{"0":1,"1":1,"2":4,"3":4},"f":{"0":4,"1":4},"b":{},"_coverageSchema":"43e27e138ebf9cfc5966b082cf9a028302ed4184","hash":"eb49f65a7bb096ab90bbc24dfc0c08861be67f7a"}
,"/Users/mci/Projects/keith_alleman_dot_com/src/components/_atoms/03-backdrop/BackdropA.jsx": {"path":"/Users/mci/Projects/keith_alleman_dot_com/src/components/_atoms/03-backdrop/BackdropA.jsx","statementMap":{"0":{"start":{"line":3,"column":18},"end":{"line":26,"column":1}}},"fnMap":{},"branchMap":{},"s":{"0":2},"f":{},"b":{},"_coverageSchema":"43e27e138ebf9cfc5966b082cf9a028302ed4184","hash":"1c1fc787f67f40b649d526ec5e072559771ad0af"}
,"/Users/mci/Projects/keith_alleman_dot_com/src/components/_atoms/04-headers/SectionHeaderA.jsx": {"path":"/Users/mci/Projects/keith_alleman_dot_com/src/components/_atoms/04-headers/SectionHeaderA.jsx","statementMap":{"0":{"start":{"line":4,"column":29},"end":{"line":7,"column":1}},"1":{"start":{"line":5,"column":24},"end":{"line":5,"column":46}},"2":{"start":{"line":9,"column":21},"end":{"line":19,"column":1}},"3":{"start":{"line":12,"column":29},"end":{"line":12,"column":47}},"4":{"start":{"line":13,"column":32},"end":{"line":13,"column":46}},"5":{"start":{"line":14,"column":23},"end":{"line":14,"column":47}},"6":{"start":{"line":15,"column":27},"end":{"line":15,"column":89}},"7":{"start":{"line":16,"column":28},"end":{"line":16,"column":75}},"8":{"start":{"line":17,"column":31},"end":{"line":17,"column":72}},"9":{"start":{"line":18,"column":32},"end":{"line":18,"column":75}},"10":{"start":{"line":21,"column":23},"end":{"line":29,"column":1}},"11":{"start":{"line":22,"column":4},"end":{"line":28,"column":6}}},"fnMap":{"0":{"name":"(anonymous_0)","decl":{"start":{"line":5,"column":15},"end":{"line":5,"column":16}},"loc":{"start":{"line":5,"column":24},"end":{"line":5,"column":46}},"line":5},"1":{"name":"(anonymous_1)","decl":{"start":{"line":12,"column":20},"end":{"line":12,"column":21}},"loc":{"start":{"line":12,"column":29},"end":{"line":12,"column":47}},"line":12},"2":{"name":"(anonymous_2)","decl":{"start":{"line":13,"column":23},"end":{"line":13,"column":24}},"loc":{"start":{"line":13,"column":32},"end":{"line":13,"column":46}},"line":13},"3":{"name":"(anonymous_3)","decl":{"start":{"line":14,"column":14},"end":{"line":14,"column":15}},"loc":{"start":{"line":14,"column":23},"end":{"line":14,"column":47}},"line":14},"4":{"name":"(anonymous_4)","decl":{"start":{"line":15,"column":18},"end":{"line":15,"column":19}},"loc":{"start":{"line":15,"column":27},"end":{"line":15,"column":89}},"line":15},"5":{"name":"(anonymous_5)","decl":{"start":{"line":16,"column":19},"end":{"line":16,"column":20}},"loc":{"start":{"line":16,"column":28},"end":{"line":16,"column":75}},"line":16},"6":{"name":"(anonymous_6)","decl":{"start":{"line":17,"column":22},"end":{"line":17,"column":23}},"loc":{"start":{"line":17,"column":31},"end":{"line":17,"column":72}},"line":17},"7":{"name":"(anonymous_7)","decl":{"start":{"line":18,"column":23},"end":{"line":18,"column":24}},"loc":{"start":{"line":18,"column":32},"end":{"line":18,"column":75}},"line":18},"8":{"name":"(anonymous_8)","decl":{"start":{"line":21,"column":23},"end":{"line":21,"column":24}},"loc":{"start":{"line":21,"column":36},"end":{"line":29,"column":1}},"line":21}},"branchMap":{"0":{"loc":{"start":{"line":15,"column":27},"end":{"line":15,"column":89}},"type":"cond-expr","locations":[{"start":{"line":15,"column":45},"end":{"line":15,"column":68}},{"start":{"line":15,"column":71},"end":{"line":15,"column":89}}],"line":15},"1":{"loc":{"start":{"line":16,"column":28},"end":{"line":16,"column":75}},"type":"cond-expr","locations":[{"start":{"line":16,"column":46},"end":{"line":16,"column":70}},{"start":{"line":16,"column":73},"end":{"line":16,"column":75}}],"line":16},"2":{"loc":{"start":{"line":17,"column":31},"end":{"line":17,"column":72}},"type":"cond-expr","locations":[{"start":{"line":17,"column":49},"end":{"line":17,"column":67}},{"start":{"line":17,"column":70},"end":{"line":17,"column":72}}],"line":17},"3":{"loc":{"start":{"line":18,"column":32},"end":{"line":18,"column":75}},"type":"cond-expr","locations":[{"start":{"line":18,"column":50},"end":{"line":18,"column":70}},{"start":{"line":18,"column":73},"end":{"line":18,"column":75}}],"line":18}},"s":{"0":1,"1":4,"2":1,"3":4,"4":4,"5":4,"6":4,"7":4,"8":4,"9":4,"10":1,"11":3},"f":{"0":4,"1":4,"2":4,"3":4,"4":4,"5":4,"6":4,"7":4,"8":3},"b":{"0":[0,4],"1":[0,4],"2":[0,4],"3":[0,4]},"_coverageSchema":"43e27e138ebf9cfc5966b082cf9a028302ed4184","hash":"dff30adb763975cd803fdac684ab698e235bb1c9"}
,"/Users/mci/Projects/keith_alleman_dot_com/src/components/_atoms/05-wrappers/InterestsWrapperA.jsx": {"path":"/Users/mci/Projects/keith_alleman_dot_com/src/components/_atoms/05-wrappers/InterestsWrapperA.jsx","statementMap":{"0":{"start":{"line":3,"column":26},"end":{"line":10,"column":1}}},"fnMap":{},"branchMap":{},"s":{"0":1},"f":{},"b":{},"_coverageSchema":"43e27e138ebf9cfc5966b082cf9a028302ed4184","hash":"e0ce57b5de47d2c6417f1b4f63bfea946d1c2e47"}
,"/Users/mci/Projects/keith_alleman_dot_com/src/components/_atoms/05-wrappers/SectionWrapper40A.jsx": {"path":"/Users/mci/Projects/keith_alleman_dot_com/src/components/_atoms/05-wrappers/SectionWrapper40A.jsx","statementMap":{"0":{"start":{"line":3,"column":26},"end":{"line":7,"column":1}}},"fnMap":{},"branchMap":{},"s":{"0":1},"f":{},"b":{},"_coverageSchema":"43e27e138ebf9cfc5966b082cf9a028302ed4184","hash":"cd37fbc190288728076fcc1cbb194a7d5c6a7410"}
,"/Users/mci/Projects/keith_alleman_dot_com/src/components/_atoms/05-wrappers/SectionWrapperAutoA.jsx": {"path":"/Users/mci/Projects/keith_alleman_dot_com/src/components/_atoms/05-wrappers/SectionWrapperAutoA.jsx","statementMap":{"0":{"start":{"line":3,"column":28},"end":{"line":5,"column":1}}},"fnMap":{},"branchMap":{},"s":{"0":1},"f":{},"b":{},"_coverageSchema":"43e27e138ebf9cfc5966b082cf9a028302ed4184","hash":"1dcff190ccd975e2b206a721d9bb54482cfa3b91"}
,"/Users/mci/Projects/keith_alleman_dot_com/src/components/_molecules/00-header/00-list_container/HeaderNavListContainerM.jsx": {"path":"/Users/mci/Projects/keith_alleman_dot_com/src/components/_molecules/00-header/00-list_container/HeaderNavListContainerM.jsx","statementMap":{"0":{"start":{"line":5,"column":24},"end":{"line":5,"column":50}},"1":{"start":{"line":7,"column":18},"end":{"line":15,"column":1}},"2":{"start":{"line":17,"column":22},"end":{"line":30,"column":1}},"3":{"start":{"line":32,"column":32},"end":{"line":38,"column":1}},"4":{"start":{"line":33,"column":4},"end":{"line":37,"column":16}}},"fnMap":{"0":{"name":"(anonymous_0)","decl":{"start":{"line":32,"column":32},"end":{"line":32,"column":33}},"loc":{"start":{"line":33,"column":4},"end":{"line":37,"column":16}},"line":33}},"branchMap":{},"s":{"0":1,"1":1,"2":1,"3":1,"4":1},"f":{"0":1},"b":{},"_coverageSchema":"43e27e138ebf9cfc5966b082cf9a028302ed4184","hash":"16fcb85243efca07386c90270d2f50931a76f14b"}
,"/Users/mci/Projects/keith_alleman_dot_com/src/components/_molecules/00-header/02-logo_container/HeaderLogoContainerM.jsx": {"path":"/Users/mci/Projects/keith_alleman_dot_com/src/components/_molecules/00-header/02-logo_container/HeaderLogoContainerM.jsx","statementMap":{"0":{"start":{"line":3,"column":29},"end":{"line":6,"column":1}}},"fnMap":{},"branchMap":{},"s":{"0":1},"f":{},"b":{},"_coverageSchema":"43e27e138ebf9cfc5966b082cf9a028302ed4184","hash":"7ae6e9fd4f5996339106cfb3a277a8a3963e7136"}
,"/Users/mci/Projects/keith_alleman_dot_com/src/components/_molecules/00-header/03-nav_sandwich/HeaderNavSandwichM.jsx": {"path":"/Users/mci/Projects/keith_alleman_dot_com/src/components/_molecules/00-header/03-nav_sandwich/HeaderNavSandwichM.jsx","statementMap":{"0":{"start":{"line":4,"column":29},"end":{"line":47,"column":1}},"1":{"start":{"line":49,"column":20},"end":{"line":106,"column":1}},"2":{"start":{"line":109,"column":27},"end":{"line":116,"column":1}},"3":{"start":{"line":110,"column":4},"end":{"line":115,"column":27}}},"fnMap":{"0":{"name":"(anonymous_0)","decl":{"start":{"line":109,"column":27},"end":{"line":109,"column":28}},"loc":{"start":{"line":110,"column":4},"end":{"line":115,"column":27}},"line":110}},"branchMap":{"0":{"loc":{"start":{"line":111,"column":19},"end":{"line":111,"column":80}},"type":"cond-expr","locations":[{"start":{"line":111,"column":42},"end":{"line":111,"column":58}},{"start":{"line":111,"column":61},"end":{"line":111,"column":80}}],"line":111}},"s":{"0":1,"1":1,"2":1,"3":2},"f":{"0":2},"b":{"0":[1,1]},"_coverageSchema":"43e27e138ebf9cfc5966b082cf9a028302ed4184","hash":"7d9b4f75eaf71305c98215591a466aab736e19b6"}
,"/Users/mci/Projects/keith_alleman_dot_com/src/components/_molecules/00-header/04-header_container/HeaderContainerM.jsx": {"path":"/Users/mci/Projects/keith_alleman_dot_com/src/components/_molecules/00-header/04-header_container/HeaderContainerM.jsx","statementMap":{"0":{"start":{"line":3,"column":25},"end":{"line":26,"column":1}},"1":{"start":{"line":4,"column":23},"end":{"line":4,"column":47}},"2":{"start":{"line":8,"column":34},"end":{"line":8,"column":48}},"3":{"start":{"line":18,"column":32},"end":{"line":18,"column":53}}},"fnMap":{"0":{"name":"(anonymous_0)","decl":{"start":{"line":4,"column":14},"end":{"line":4,"column":15}},"loc":{"start":{"line":4,"column":23},"end":{"line":4,"column":47}},"line":4},"1":{"name":"(anonymous_1)","decl":{"start":{"line":8,"column":25},"end":{"line":8,"column":26}},"loc":{"start":{"line":8,"column":34},"end":{"line":8,"column":48}},"line":8},"2":{"name":"(anonymous_2)","decl":{"start":{"line":18,"column":23},"end":{"line":18,"column":24}},"loc":{"start":{"line":18,"column":32},"end":{"line":18,"column":53}},"line":18}},"branchMap":{},"s":{"0":1,"1":2,"2":2,"3":2},"f":{"0":2,"1":2,"2":2},"b":{},"_coverageSchema":"43e27e138ebf9cfc5966b082cf9a028302ed4184","hash":"e8ff89272df9272f5b65dfa65a591abbd54b775d"}
,"/Users/mci/Projects/keith_alleman_dot_com/src/components/_molecules/01-modal/00-modal/ModalM.jsx": {"path":"/Users/mci/Projects/keith_alleman_dot_com/src/components/_molecules/01-modal/00-modal/ModalM.jsx","statementMap":{"0":{"start":{"line":3,"column":15},"end":{"line":40,"column":1}}},"fnMap":{},"branchMap":{},"s":{"0":2},"f":{},"b":{},"_coverageSchema":"43e27e138ebf9cfc5966b082cf9a028302ed4184","hash":"295846a17038c406c3ae76afb66c9b1a6160e9a1"}
,"/Users/mci/Projects/keith_alleman_dot_com/src/components/_molecules/01-modal/01-modal_container/ModalContainerM.jsx": {"path":"/Users/mci/Projects/keith_alleman_dot_com/src/components/_molecules/01-modal/01-modal_container/ModalContainerM.jsx","statementMap":{"0":{"start":{"line":6,"column":24},"end":{"line":13,"column":1}},"1":{"start":{"line":7,"column":4},"end":{"line":12,"column":6}}},"fnMap":{"0":{"name":"(anonymous_0)","decl":{"start":{"line":6,"column":24},"end":{"line":6,"column":25}},"loc":{"start":{"line":6,"column":30},"end":{"line":13,"column":1}},"line":6}},"branchMap":{},"s":{"0":1,"1":1},"f":{"0":1},"b":{},"_coverageSchema":"43e27e138ebf9cfc5966b082cf9a028302ed4184","hash":"64949cc11b69d7f96dbb1e7a51ef92326e7595d1"}
,"/Users/mci/Projects/keith_alleman_dot_com/src/components/_molecules/02-body_containers/MainRoleContainerM.jsx": {"path":"/Users/mci/Projects/keith_alleman_dot_com/src/components/_molecules/02-body_containers/MainRoleContainerM.jsx","statementMap":{"0":{"start":{"line":4,"column":17},"end":{"line":21,"column":1}},"1":{"start":{"line":14,"column":33},"end":{"line":14,"column":50}},"2":{"start":{"line":23,"column":27},"end":{"line":29,"column":1}},"3":{"start":{"line":24,"column":4},"end":{"line":28,"column":6}}},"fnMap":{"0":{"name":"(anonymous_0)","decl":{"start":{"line":14,"column":24},"end":{"line":14,"column":25}},"loc":{"start":{"line":14,"column":33},"end":{"line":14,"column":50}},"line":14},"1":{"name":"(anonymous_1)","decl":{"start":{"line":23,"column":27},"end":{"line":23,"column":28}},"loc":{"start":{"line":23,"column":40},"end":{"line":29,"column":1}},"line":23}},"branchMap":{"0":{"loc":{"start":{"line":14,"column":33},"end":{"line":14,"column":50}},"type":"binary-expr","locations":[{"start":{"line":14,"column":33},"end":{"line":14,"column":44}},{"start":{"line":14,"column":48},"end":{"line":14,"column":50}}],"line":14}},"s":{"0":1,"1":4,"2":1,"3":3},"f":{"0":4,"1":3},"b":{"0":[4,2]},"_coverageSchema":"43e27e138ebf9cfc5966b082cf9a028302ed4184","hash":"f58590cd04b01fcd540331acb3ca2d75a1dde4cf"}
,"/Users/mci/Projects/keith_alleman_dot_com/src/components/_molecules/03-footer/FooterContainerM.jsx": {"path":"/Users/mci/Projects/keith_alleman_dot_com/src/components/_molecules/03-footer/FooterContainerM.jsx","statementMap":{"0":{"start":{"line":4,"column":24},"end":{"line":10,"column":1}},"1":{"start":{"line":12,"column":25},"end":{"line":18,"column":1}},"2":{"start":{"line":13,"column":4},"end":{"line":17,"column":6}}},"fnMap":{"0":{"name":"(anonymous_0)","decl":{"start":{"line":12,"column":25},"end":{"line":12,"column":26}},"loc":{"start":{"line":12,"column":38},"end":{"line":18,"column":1}},"line":12}},"branchMap":{},"s":{"0":1,"1":1,"2":1},"f":{"0":1},"b":{},"_coverageSchema":"43e27e138ebf9cfc5966b082cf9a028302ed4184","hash":"63c6ddc9087c3a07e9bbcb8743b4a642b8504953"}
,"/Users/mci/Projects/keith_alleman_dot_com/src/components/_molecules/04-list_containers/InterestListM.jsx": {"path":"/Users/mci/Projects/keith_alleman_dot_com/src/components/_molecules/04-list_containers/InterestListM.jsx","statementMap":{"0":{"start":{"line":7,"column":21},"end":{"line":9,"column":1}},"1":{"start":{"line":11,"column":22},"end":{"line":34,"column":1}},"2":{"start":{"line":12,"column":40},"end":{"line":12,"column":54}},"3":{"start":{"line":14,"column":4},"end":{"line":21,"column":10}},"4":{"start":{"line":15,"column":26},"end":{"line":19,"column":9}},"5":{"start":{"line":16,"column":27},"end":{"line":16,"column":73}},"6":{"start":{"line":18,"column":12},"end":{"line":18,"column":48}},"7":{"start":{"line":20,"column":8},"end":{"line":20,"column":20}},"8":{"start":{"line":23,"column":4},"end":{"line":23,"column":32}},"9":{"start":{"line":23,"column":20},"end":{"line":23,"column":32}},"10":{"start":{"line":24,"column":4},"end":{"line":33,"column":6}}},"fnMap":{"0":{"name":"(anonymous_0)","decl":{"start":{"line":11,"column":22},"end":{"line":11,"column":23}},"loc":{"start":{"line":11,"column":28},"end":{"line":34,"column":1}},"line":11},"1":{"name":"(anonymous_1)","decl":{"start":{"line":14,"column":14},"end":{"line":14,"column":15}},"loc":{"start":{"line":14,"column":20},"end":{"line":21,"column":5}},"line":14},"2":{"name":"(anonymous_2)","decl":{"start":{"line":15,"column":26},"end":{"line":15,"column":27}},"loc":{"start":{"line":15,"column":38},"end":{"line":19,"column":9}},"line":15}},"branchMap":{"0":{"loc":{"start":{"line":23,"column":4},"end":{"line":23,"column":32}},"type":"if","locations":[{"start":{"line":23,"column":4},"end":{"line":23,"column":32}},{"start":{"line":23,"column":4},"end":{"line":23,"column":32}}],"line":23}},"s":{"0":1,"1":1,"2":1,"3":1,"4":0,"5":0,"6":0,"7":0,"8":1,"9":1,"10":0},"f":{"0":1,"1":0,"2":0},"b":{"0":[1,0]},"_coverageSchema":"43e27e138ebf9cfc5966b082cf9a028302ed4184","hash":"5c327f9c8fabcab9cbaacad997aca7301847644f"}
}
