{"/Users/mcithegod/Projects/keith_alleman_dot_com/src/styled-components.js": {"path":"/Users/mcithegod/Projects/keith_alleman_dot_com/src/styled-components.js","statementMap":{"0":{"start":{"line":23,"column":32},"end":{"line":26,"column":1}},"1":{"start":{"line":24,"column":16},"end":{"line":24,"column":43}},"2":{"start":{"line":25,"column":2},"end":{"line":25,"column":46}},"3":{"start":{"line":28,"column":30},"end":{"line":31,"column":1}},"4":{"start":{"line":29,"column":16},"end":{"line":29,"column":43}},"5":{"start":{"line":30,"column":2},"end":{"line":30,"column":72}}},"fnMap":{"0":{"name":"(anonymous_0)","decl":{"start":{"line":23,"column":32},"end":{"line":23,"column":33}},"loc":{"start":{"line":23,"column":59},"end":{"line":26,"column":1}},"line":23},"1":{"name":"(anonymous_1)","decl":{"start":{"line":28,"column":30},"end":{"line":28,"column":31}},"loc":{"start":{"line":28,"column":58},"end":{"line":31,"column":1}},"line":28}},"branchMap":{"0":{"loc":{"start":{"line":24,"column":16},"end":{"line":24,"column":43}},"type":"binary-expr","locations":[{"start":{"line":24,"column":16},"end":{"line":24,"column":27}},{"start":{"line":24,"column":31},"end":{"line":24,"column":43}}],"line":24},"1":{"loc":{"start":{"line":29,"column":16},"end":{"line":29,"column":43}},"type":"binary-expr","locations":[{"start":{"line":29,"column":16},"end":{"line":29,"column":27}},{"start":{"line":29,"column":31},"end":{"line":29,"column":43}}],"line":29}},"s":{"0":17,"1":0,"2":0,"3":17,"4":11,"5":11},"f":{"0":0,"1":11},"b":{"0":[0,0],"1":[11,6]},"_coverageSchema":"43e27e138ebf9cfc5966b082cf9a028302ed4184","hash":"f26bfe824805d48f784fdbebe7470de2093198c8"}
,"/Users/mcithegod/Projects/keith_alleman_dot_com/src/theme.js": {"path":"/Users/mcithegod/Projects/keith_alleman_dot_com/src/theme.js","statementMap":{"0":{"start":{"line":1,"column":21},"end":{"line":10,"column":1}}},"fnMap":{},"branchMap":{},"s":{"0":17},"f":{},"b":{},"_coverageSchema":"43e27e138ebf9cfc5966b082cf9a028302ed4184","hash":"ca2b42b059b0a80ee94978188854a93366fa2bb6"}
,"/Users/mcithegod/Projects/keith_alleman_dot_com/src/components/_atoms/00-links/HeaderLinkA.jsx": {"path":"/Users/mcithegod/Projects/keith_alleman_dot_com/src/components/_atoms/00-links/HeaderLinkA.jsx","statementMap":{"0":{"start":{"line":5,"column":25},"end":{"line":45,"column":1}},"1":{"start":{"line":7,"column":23},"end":{"line":7,"column":47}},"2":{"start":{"line":15,"column":27},"end":{"line":15,"column":51}},"3":{"start":{"line":25,"column":36},"end":{"line":25,"column":62}},"4":{"start":{"line":42,"column":41},"end":{"line":42,"column":67}},"5":{"start":{"line":47,"column":20},"end":{"line":57,"column":1}},"6":{"start":{"line":48,"column":17},"end":{"line":48,"column":41}},"7":{"start":{"line":49,"column":4},"end":{"line":56,"column":5}}},"fnMap":{"0":{"name":"(anonymous_0)","decl":{"start":{"line":7,"column":14},"end":{"line":7,"column":15}},"loc":{"start":{"line":7,"column":23},"end":{"line":7,"column":47}},"line":7},"1":{"name":"(anonymous_1)","decl":{"start":{"line":15,"column":18},"end":{"line":15,"column":19}},"loc":{"start":{"line":15,"column":27},"end":{"line":15,"column":51}},"line":15},"2":{"name":"(anonymous_2)","decl":{"start":{"line":25,"column":27},"end":{"line":25,"column":28}},"loc":{"start":{"line":25,"column":36},"end":{"line":25,"column":62}},"line":25},"3":{"name":"(anonymous_3)","decl":{"start":{"line":42,"column":32},"end":{"line":42,"column":33}},"loc":{"start":{"line":42,"column":41},"end":{"line":42,"column":67}},"line":42},"4":{"name":"(anonymous_4)","decl":{"start":{"line":47,"column":20},"end":{"line":47,"column":21}},"loc":{"start":{"line":47,"column":33},"end":{"line":57,"column":1}},"line":47}},"branchMap":{"0":{"loc":{"start":{"line":51,"column":24},"end":{"line":53,"column":28}},"type":"cond-expr","locations":[{"start":{"line":52,"column":12},"end":{"line":52,"column":33}},{"start":{"line":53,"column":14},"end":{"line":53,"column":28}}],"line":51},"1":{"loc":{"start":{"line":51,"column":24},"end":{"line":51,"column":85}},"type":"binary-expr","locations":[{"start":{"line":51,"column":24},"end":{"line":51,"column":39}},{"start":{"line":51,"column":44},"end":{"line":51,"column":85}}],"line":51}},"s":{"0":3,"1":24,"2":24,"3":24,"4":24,"5":3,"6":12,"7":12},"f":{"0":24,"1":24,"2":24,"3":24,"4":12},"b":{"0":[2,10],"1":[12,10]},"_coverageSchema":"43e27e138ebf9cfc5966b082cf9a028302ed4184","hash":"16b83a50b5d203ffea9bc7273a5e283b9aaa1a4c"}
,"/Users/mcithegod/Projects/keith_alleman_dot_com/src/components/_atoms/01-list_items/HeaderListItemA.jsx": {"path":"/Users/mcithegod/Projects/keith_alleman_dot_com/src/components/_atoms/01-list_items/HeaderListItemA.jsx","statementMap":{"0":{"start":{"line":6,"column":29},"end":{"line":8,"column":1}},"1":{"start":{"line":10,"column":25},"end":{"line":18,"column":1}},"2":{"start":{"line":11,"column":23},"end":{"line":11,"column":49}},"3":{"start":{"line":16,"column":32},"end":{"line":16,"column":65}},"4":{"start":{"line":20,"column":24},"end":{"line":27,"column":1}},"5":{"start":{"line":21,"column":4},"end":{"line":26,"column":6}}},"fnMap":{"0":{"name":"(anonymous_0)","decl":{"start":{"line":11,"column":14},"end":{"line":11,"column":15}},"loc":{"start":{"line":11,"column":23},"end":{"line":11,"column":49}},"line":11},"1":{"name":"(anonymous_1)","decl":{"start":{"line":16,"column":23},"end":{"line":16,"column":24}},"loc":{"start":{"line":16,"column":32},"end":{"line":16,"column":65}},"line":16},"2":{"name":"(anonymous_2)","decl":{"start":{"line":20,"column":24},"end":{"line":20,"column":25}},"loc":{"start":{"line":20,"column":35},"end":{"line":27,"column":1}},"line":20}},"branchMap":{"0":{"loc":{"start":{"line":16,"column":32},"end":{"line":16,"column":65}},"type":"cond-expr","locations":[{"start":{"line":16,"column":45},"end":{"line":16,"column":53}},{"start":{"line":16,"column":56},"end":{"line":16,"column":65}}],"line":16}},"s":{"0":2,"1":2,"2":18,"3":18,"4":2,"5":10},"f":{"0":18,"1":18,"2":10},"b":{"0":[8,10]},"_coverageSchema":"43e27e138ebf9cfc5966b082cf9a028302ed4184","hash":"a309a9607115efe6ba0a9f59470819932c9966e8"}
,"/Users/mcithegod/Projects/keith_alleman_dot_com/src/components/_atoms/02-logos/HeaderLgLogoA.jsx": {"path":"/Users/mcithegod/Projects/keith_alleman_dot_com/src/components/_atoms/02-logos/HeaderLgLogoA.jsx","statementMap":{"0":{"start":{"line":5,"column":24},"end":{"line":5,"column":50}},"1":{"start":{"line":7,"column":22},"end":{"line":41,"column":1}},"2":{"start":{"line":13,"column":23},"end":{"line":13,"column":47}},"3":{"start":{"line":28,"column":27},"end":{"line":28,"column":51}},"4":{"start":{"line":37,"column":45},"end":{"line":37,"column":71}}},"fnMap":{"0":{"name":"(anonymous_0)","decl":{"start":{"line":13,"column":14},"end":{"line":13,"column":15}},"loc":{"start":{"line":13,"column":23},"end":{"line":13,"column":47}},"line":13},"1":{"name":"(anonymous_1)","decl":{"start":{"line":28,"column":18},"end":{"line":28,"column":19}},"loc":{"start":{"line":28,"column":27},"end":{"line":28,"column":51}},"line":28},"2":{"name":"(anonymous_2)","decl":{"start":{"line":37,"column":36},"end":{"line":37,"column":37}},"loc":{"start":{"line":37,"column":45},"end":{"line":37,"column":71}},"line":37}},"branchMap":{},"s":{"0":2,"1":2,"2":8,"3":8,"4":8},"f":{"0":8,"1":8,"2":8},"b":{},"_coverageSchema":"43e27e138ebf9cfc5966b082cf9a028302ed4184","hash":"bb45ff21edf7481163bf257247068d4df0583b8d"}
,"/Users/mcithegod/Projects/keith_alleman_dot_com/src/components/_atoms/02-logos/HeaderSmLogoA.jsx": {"path":"/Users/mcithegod/Projects/keith_alleman_dot_com/src/components/_atoms/02-logos/HeaderSmLogoA.jsx","statementMap":{"0":{"start":{"line":5,"column":24},"end":{"line":5,"column":50}},"1":{"start":{"line":7,"column":22},"end":{"line":28,"column":1}},"2":{"start":{"line":10,"column":23},"end":{"line":10,"column":47}},"3":{"start":{"line":21,"column":44},"end":{"line":21,"column":70}}},"fnMap":{"0":{"name":"(anonymous_0)","decl":{"start":{"line":10,"column":14},"end":{"line":10,"column":15}},"loc":{"start":{"line":10,"column":23},"end":{"line":10,"column":47}},"line":10},"1":{"name":"(anonymous_1)","decl":{"start":{"line":21,"column":35},"end":{"line":21,"column":36}},"loc":{"start":{"line":21,"column":44},"end":{"line":21,"column":70}},"line":21}},"branchMap":{},"s":{"0":2,"1":2,"2":8,"3":8},"f":{"0":8,"1":8},"b":{},"_coverageSchema":"43e27e138ebf9cfc5966b082cf9a028302ed4184","hash":"0a268f94fa62c47064faca63760d43f3405bc0a3"}
,"/Users/mcithegod/Projects/keith_alleman_dot_com/src/components/_atoms/03-backdrop/BackdropA.jsx": {"path":"/Users/mcithegod/Projects/keith_alleman_dot_com/src/components/_atoms/03-backdrop/BackdropA.jsx","statementMap":{"0":{"start":{"line":3,"column":18},"end":{"line":26,"column":1}}},"fnMap":{},"branchMap":{},"s":{"0":3},"f":{},"b":{},"_coverageSchema":"43e27e138ebf9cfc5966b082cf9a028302ed4184","hash":"4a5a4dfb61726209a1981787b32f03667bf2ae1d"}
,"/Users/mcithegod/Projects/keith_alleman_dot_com/src/components/_atoms/04-headers/SectionHeaderA.jsx": {"path":"/Users/mcithegod/Projects/keith_alleman_dot_com/src/components/_atoms/04-headers/SectionHeaderA.jsx","statementMap":{"0":{"start":{"line":4,"column":29},"end":{"line":7,"column":1}},"1":{"start":{"line":5,"column":24},"end":{"line":5,"column":46}},"2":{"start":{"line":9,"column":21},"end":{"line":16,"column":1}},"3":{"start":{"line":12,"column":29},"end":{"line":12,"column":47}},"4":{"start":{"line":13,"column":32},"end":{"line":13,"column":46}},"5":{"start":{"line":14,"column":23},"end":{"line":14,"column":47}},"6":{"start":{"line":15,"column":27},"end":{"line":15,"column":45}},"7":{"start":{"line":18,"column":23},"end":{"line":26,"column":1}},"8":{"start":{"line":19,"column":4},"end":{"line":25,"column":6}}},"fnMap":{"0":{"name":"(anonymous_0)","decl":{"start":{"line":5,"column":15},"end":{"line":5,"column":16}},"loc":{"start":{"line":5,"column":24},"end":{"line":5,"column":46}},"line":5},"1":{"name":"(anonymous_1)","decl":{"start":{"line":12,"column":20},"end":{"line":12,"column":21}},"loc":{"start":{"line":12,"column":29},"end":{"line":12,"column":47}},"line":12},"2":{"name":"(anonymous_2)","decl":{"start":{"line":13,"column":23},"end":{"line":13,"column":24}},"loc":{"start":{"line":13,"column":32},"end":{"line":13,"column":46}},"line":13},"3":{"name":"(anonymous_3)","decl":{"start":{"line":14,"column":14},"end":{"line":14,"column":15}},"loc":{"start":{"line":14,"column":23},"end":{"line":14,"column":47}},"line":14},"4":{"name":"(anonymous_4)","decl":{"start":{"line":15,"column":18},"end":{"line":15,"column":19}},"loc":{"start":{"line":15,"column":27},"end":{"line":15,"column":45}},"line":15},"5":{"name":"(anonymous_5)","decl":{"start":{"line":18,"column":23},"end":{"line":18,"column":24}},"loc":{"start":{"line":18,"column":36},"end":{"line":26,"column":1}},"line":18}},"branchMap":{},"s":{"0":1,"1":4,"2":1,"3":4,"4":4,"5":4,"6":4,"7":1,"8":3},"f":{"0":4,"1":4,"2":4,"3":4,"4":4,"5":3},"b":{},"_coverageSchema":"43e27e138ebf9cfc5966b082cf9a028302ed4184","hash":"1678161801f8551cb0e44e62eb9c44b44da75a8b"}
,"/Users/mcithegod/Projects/keith_alleman_dot_com/src/components/_atoms/05-wrappers/GridWrapperA.jsx": {"path":"/Users/mcithegod/Projects/keith_alleman_dot_com/src/components/_atoms/05-wrappers/GridWrapperA.jsx","statementMap":{"0":{"start":{"line":3,"column":21},"end":{"line":8,"column":1}}},"fnMap":{},"branchMap":{},"s":{"0":1},"f":{},"b":{},"_coverageSchema":"43e27e138ebf9cfc5966b082cf9a028302ed4184","hash":"b1d8e24a3b33c2d88e329cc3d4e477d6f83a470e"}
,"/Users/mcithegod/Projects/keith_alleman_dot_com/src/components/_atoms/05-wrappers/SectionWrapperAutoA.jsx": {"path":"/Users/mcithegod/Projects/keith_alleman_dot_com/src/components/_atoms/05-wrappers/SectionWrapperAutoA.jsx","statementMap":{"0":{"start":{"line":3,"column":28},"end":{"line":5,"column":1}}},"fnMap":{},"branchMap":{},"s":{"0":1},"f":{},"b":{},"_coverageSchema":"43e27e138ebf9cfc5966b082cf9a028302ed4184","hash":"d323e95f30978f733733faf261b6e4e728912541"}
,"/Users/mcithegod/Projects/keith_alleman_dot_com/src/components/_molecules/00-header/00-list_container/HeaderNavListContainerM.jsx": {"path":"/Users/mcithegod/Projects/keith_alleman_dot_com/src/components/_molecules/00-header/00-list_container/HeaderNavListContainerM.jsx","statementMap":{"0":{"start":{"line":5,"column":24},"end":{"line":5,"column":50}},"1":{"start":{"line":7,"column":18},"end":{"line":15,"column":1}},"2":{"start":{"line":17,"column":22},"end":{"line":30,"column":1}},"3":{"start":{"line":32,"column":32},"end":{"line":38,"column":1}},"4":{"start":{"line":33,"column":4},"end":{"line":37,"column":16}}},"fnMap":{"0":{"name":"(anonymous_0)","decl":{"start":{"line":32,"column":32},"end":{"line":32,"column":33}},"loc":{"start":{"line":33,"column":4},"end":{"line":37,"column":16}},"line":33}},"branchMap":{},"s":{"0":2,"1":2,"2":2,"3":2,"4":3},"f":{"0":3},"b":{},"_coverageSchema":"43e27e138ebf9cfc5966b082cf9a028302ed4184","hash":"e3b66b5f022a7ed23f4688d6dfa3cd686af2f6a3"}
,"/Users/mcithegod/Projects/keith_alleman_dot_com/src/components/_molecules/00-header/02-logo_container/HeaderLogoContainerM.jsx": {"path":"/Users/mcithegod/Projects/keith_alleman_dot_com/src/components/_molecules/00-header/02-logo_container/HeaderLogoContainerM.jsx","statementMap":{"0":{"start":{"line":3,"column":29},"end":{"line":6,"column":1}}},"fnMap":{},"branchMap":{},"s":{"0":2},"f":{},"b":{},"_coverageSchema":"43e27e138ebf9cfc5966b082cf9a028302ed4184","hash":"9d6f94bb043dc3fbf03c0d06d3dfd1868d4d7a18"}
,"/Users/mcithegod/Projects/keith_alleman_dot_com/src/components/_molecules/00-header/03-nav_sandwich/HeaderNavSandwichM.jsx": {"path":"/Users/mcithegod/Projects/keith_alleman_dot_com/src/components/_molecules/00-header/03-nav_sandwich/HeaderNavSandwichM.jsx","statementMap":{"0":{"start":{"line":4,"column":29},"end":{"line":47,"column":1}},"1":{"start":{"line":49,"column":20},"end":{"line":106,"column":1}},"2":{"start":{"line":109,"column":27},"end":{"line":116,"column":1}},"3":{"start":{"line":110,"column":4},"end":{"line":115,"column":27}}},"fnMap":{"0":{"name":"(anonymous_0)","decl":{"start":{"line":109,"column":27},"end":{"line":109,"column":28}},"loc":{"start":{"line":110,"column":4},"end":{"line":115,"column":27}},"line":110}},"branchMap":{"0":{"loc":{"start":{"line":111,"column":19},"end":{"line":111,"column":80}},"type":"cond-expr","locations":[{"start":{"line":111,"column":42},"end":{"line":111,"column":58}},{"start":{"line":111,"column":61},"end":{"line":111,"column":80}}],"line":111}},"s":{"0":2,"1":2,"2":2,"3":4},"f":{"0":4},"b":{"0":[1,3]},"_coverageSchema":"43e27e138ebf9cfc5966b082cf9a028302ed4184","hash":"fd6e35371a3b78fefa3ae91e45c97731a9076c19"}
,"/Users/mcithegod/Projects/keith_alleman_dot_com/src/components/_molecules/00-header/04-header_container/HeaderContainerM.jsx": {"path":"/Users/mcithegod/Projects/keith_alleman_dot_com/src/components/_molecules/00-header/04-header_container/HeaderContainerM.jsx","statementMap":{"0":{"start":{"line":3,"column":25},"end":{"line":26,"column":1}},"1":{"start":{"line":4,"column":23},"end":{"line":4,"column":47}},"2":{"start":{"line":8,"column":34},"end":{"line":8,"column":48}},"3":{"start":{"line":18,"column":32},"end":{"line":18,"column":53}}},"fnMap":{"0":{"name":"(anonymous_0)","decl":{"start":{"line":4,"column":14},"end":{"line":4,"column":15}},"loc":{"start":{"line":4,"column":23},"end":{"line":4,"column":47}},"line":4},"1":{"name":"(anonymous_1)","decl":{"start":{"line":8,"column":25},"end":{"line":8,"column":26}},"loc":{"start":{"line":8,"column":34},"end":{"line":8,"column":48}},"line":8},"2":{"name":"(anonymous_2)","decl":{"start":{"line":18,"column":23},"end":{"line":18,"column":24}},"loc":{"start":{"line":18,"column":32},"end":{"line":18,"column":53}},"line":18}},"branchMap":{},"s":{"0":2,"1":6,"2":6,"3":6},"f":{"0":6,"1":6,"2":6},"b":{},"_coverageSchema":"43e27e138ebf9cfc5966b082cf9a028302ed4184","hash":"c99f7dec7fe86d4d57e25f9c789b037ed7742fbe"}
,"/Users/mcithegod/Projects/keith_alleman_dot_com/src/components/_molecules/01-modal/00-modal/ModalM.jsx": {"path":"/Users/mcithegod/Projects/keith_alleman_dot_com/src/components/_molecules/01-modal/00-modal/ModalM.jsx","statementMap":{"0":{"start":{"line":3,"column":15},"end":{"line":40,"column":1}}},"fnMap":{},"branchMap":{},"s":{"0":3},"f":{},"b":{},"_coverageSchema":"43e27e138ebf9cfc5966b082cf9a028302ed4184","hash":"60fa21a1d5298fe757620b6981b3b9008753204f"}
,"/Users/mcithegod/Projects/keith_alleman_dot_com/src/components/_molecules/01-modal/01-modal_container/ModalContainerM.jsx": {"path":"/Users/mcithegod/Projects/keith_alleman_dot_com/src/components/_molecules/01-modal/01-modal_container/ModalContainerM.jsx","statementMap":{"0":{"start":{"line":6,"column":24},"end":{"line":13,"column":1}},"1":{"start":{"line":7,"column":4},"end":{"line":12,"column":6}}},"fnMap":{"0":{"name":"(anonymous_0)","decl":{"start":{"line":6,"column":24},"end":{"line":6,"column":25}},"loc":{"start":{"line":6,"column":30},"end":{"line":13,"column":1}},"line":6}},"branchMap":{},"s":{"0":2,"1":3},"f":{"0":3},"b":{},"_coverageSchema":"43e27e138ebf9cfc5966b082cf9a028302ed4184","hash":"774048e5bc0bd39c9af256acb186b927492d076a"}
,"/Users/mcithegod/Projects/keith_alleman_dot_com/src/components/_molecules/02-body_containers/MainRoleContainerM.jsx": {"path":"/Users/mcithegod/Projects/keith_alleman_dot_com/src/components/_molecules/02-body_containers/MainRoleContainerM.jsx","statementMap":{"0":{"start":{"line":4,"column":17},"end":{"line":21,"column":1}},"1":{"start":{"line":14,"column":33},"end":{"line":14,"column":50}},"2":{"start":{"line":23,"column":27},"end":{"line":29,"column":1}},"3":{"start":{"line":24,"column":4},"end":{"line":28,"column":6}}},"fnMap":{"0":{"name":"(anonymous_0)","decl":{"start":{"line":14,"column":24},"end":{"line":14,"column":25}},"loc":{"start":{"line":14,"column":33},"end":{"line":14,"column":50}},"line":14},"1":{"name":"(anonymous_1)","decl":{"start":{"line":23,"column":27},"end":{"line":23,"column":28}},"loc":{"start":{"line":23,"column":40},"end":{"line":29,"column":1}},"line":23}},"branchMap":{"0":{"loc":{"start":{"line":14,"column":33},"end":{"line":14,"column":50}},"type":"binary-expr","locations":[{"start":{"line":14,"column":33},"end":{"line":14,"column":44}},{"start":{"line":14,"column":48},"end":{"line":14,"column":50}}],"line":14}},"s":{"0":1,"1":4,"2":1,"3":3},"f":{"0":4,"1":3},"b":{"0":[4,2]},"_coverageSchema":"43e27e138ebf9cfc5966b082cf9a028302ed4184","hash":"83316e2e323f183ae7f8922fc2d4ea54c846d255"}
,"/Users/mcithegod/Projects/keith_alleman_dot_com/src/components/_molecules/03-footer/FooterContainerM.jsx": {"path":"/Users/mcithegod/Projects/keith_alleman_dot_com/src/components/_molecules/03-footer/FooterContainerM.jsx","statementMap":{"0":{"start":{"line":4,"column":24},"end":{"line":10,"column":1}},"1":{"start":{"line":12,"column":25},"end":{"line":18,"column":1}},"2":{"start":{"line":13,"column":4},"end":{"line":17,"column":6}}},"fnMap":{"0":{"name":"(anonymous_0)","decl":{"start":{"line":12,"column":25},"end":{"line":12,"column":26}},"loc":{"start":{"line":12,"column":38},"end":{"line":18,"column":1}},"line":12}},"branchMap":{},"s":{"0":1,"1":1,"2":1},"f":{"0":1},"b":{},"_coverageSchema":"43e27e138ebf9cfc5966b082cf9a028302ed4184","hash":"a700d838590f0e22e03d9c14481b684c890c72c1"}
,"/Users/mcithegod/Projects/keith_alleman_dot_com/src/components/_organisms/00-header/HeaderO.jsx": {"path":"/Users/mcithegod/Projects/keith_alleman_dot_com/src/components/_organisms/00-header/HeaderO.jsx","statementMap":{"0":{"start":{"line":22,"column":14},"end":{"line":27,"column":1}},"1":{"start":{"line":29,"column":16},"end":{"line":82,"column":1}},"2":{"start":{"line":30,"column":42},"end":{"line":30,"column":57}},"3":{"start":{"line":31,"column":46},"end":{"line":31,"column":61}},"4":{"start":{"line":32,"column":30},"end":{"line":32,"column":41}},"5":{"start":{"line":34,"column":25},"end":{"line":36,"column":5}},"6":{"start":{"line":35,"column":8},"end":{"line":35,"column":34}},"7":{"start":{"line":38,"column":28},"end":{"line":41,"column":5}},"8":{"start":{"line":39,"column":8},"end":{"line":39,"column":37}},"9":{"start":{"line":40,"column":8},"end":{"line":40,"column":43}},"10":{"start":{"line":43,"column":24},"end":{"line":53,"column":5}},"11":{"start":{"line":44,"column":24},"end":{"line":46,"column":9}},"12":{"start":{"line":45,"column":12},"end":{"line":45,"column":45}},"13":{"start":{"line":48,"column":25},"end":{"line":50,"column":9}},"14":{"start":{"line":49,"column":12},"end":{"line":49,"column":47}},"15":{"start":{"line":52,"column":8},"end":{"line":52,"column":48}},"16":{"start":{"line":55,"column":4},"end":{"line":57,"column":7}},"17":{"start":{"line":56,"column":8},"end":{"line":56,"column":56}},"18":{"start":{"line":59,"column":4},"end":{"line":81,"column":6}}},"fnMap":{"0":{"name":"(anonymous_0)","decl":{"start":{"line":29,"column":16},"end":{"line":29,"column":17}},"loc":{"start":{"line":29,"column":22},"end":{"line":82,"column":1}},"line":29},"1":{"name":"(anonymous_1)","decl":{"start":{"line":34,"column":25},"end":{"line":34,"column":26}},"loc":{"start":{"line":34,"column":31},"end":{"line":36,"column":5}},"line":34},"2":{"name":"(anonymous_2)","decl":{"start":{"line":38,"column":28},"end":{"line":38,"column":29}},"loc":{"start":{"line":38,"column":34},"end":{"line":41,"column":5}},"line":38},"3":{"name":"(anonymous_3)","decl":{"start":{"line":43,"column":24},"end":{"line":43,"column":25}},"loc":{"start":{"line":43,"column":30},"end":{"line":53,"column":5}},"line":43},"4":{"name":"(anonymous_4)","decl":{"start":{"line":44,"column":24},"end":{"line":44,"column":25}},"loc":{"start":{"line":44,"column":30},"end":{"line":46,"column":9}},"line":44},"5":{"name":"(anonymous_5)","decl":{"start":{"line":48,"column":25},"end":{"line":48,"column":26}},"loc":{"start":{"line":48,"column":31},"end":{"line":50,"column":9}},"line":48},"6":{"name":"(anonymous_6)","decl":{"start":{"line":55,"column":14},"end":{"line":55,"column":15}},"loc":{"start":{"line":55,"column":20},"end":{"line":57,"column":5}},"line":55}},"branchMap":{"0":{"loc":{"start":{"line":45,"column":19},"end":{"line":45,"column":44}},"type":"cond-expr","locations":[{"start":{"line":45,"column":28},"end":{"line":45,"column":39}},{"start":{"line":45,"column":42},"end":{"line":45,"column":44}}],"line":45},"1":{"loc":{"start":{"line":49,"column":19},"end":{"line":49,"column":46}},"type":"cond-expr","locations":[{"start":{"line":49,"column":33},"end":{"line":49,"column":41}},{"start":{"line":49,"column":44},"end":{"line":49,"column":46}}],"line":49}},"s":{"0":1,"1":1,"2":5,"3":5,"4":5,"5":5,"6":0,"7":5,"8":0,"9":0,"10":5,"11":5,"12":5,"13":5,"14":5,"15":5,"16":5,"17":2,"18":5},"f":{"0":5,"1":0,"2":0,"3":5,"4":5,"5":5,"6":2},"b":{"0":[0,5],"1":[0,5]},"_coverageSchema":"43e27e138ebf9cfc5966b082cf9a028302ed4184","hash":"795b54a4dee685e373b2abcb788470ae36599937"}
}
