TN:
SF:/Users/mci/Projects/keith_alleman_dot_com/src/styled-components.js
FN:23,(anonymous_0)
FN:28,(anonymous_1)
FNF:2
FNH:1
FNDA:0,(anonymous_0)
FNDA:11,(anonymous_1)
DA:23,19
DA:24,0
DA:25,0
DA:28,19
DA:29,11
DA:30,11
LF:6
LH:4
BRDA:24,0,0,0
BRDA:24,0,1,0
BRDA:29,1,0,11
BRDA:29,1,1,6
BRF:4
BRH:2
end_of_record
TN:
SF:/Users/mci/Projects/keith_alleman_dot_com/src/theme.js
FNF:0
FNH:0
DA:1,19
LF:1
LH:1
BRF:0
BRH:0
end_of_record
TN:
SF:/Users/mci/Projects/keith_alleman_dot_com/src/components/_atoms/00-links/HeaderLinkA.jsx
FN:7,(anonymous_0)
FN:16,(anonymous_1)
FN:26,(anonymous_2)
FN:43,(anonymous_3)
FN:48,(anonymous_4)
FNF:5
FNH:5
FNDA:12,(anonymous_0)
FNDA:12,(anonymous_1)
FNDA:12,(anonymous_2)
FNDA:12,(anonymous_3)
FNDA:6,(anonymous_4)
DA:5,2
DA:7,12
DA:16,12
DA:26,12
DA:43,12
DA:48,2
DA:49,6
DA:50,6
LF:8
LH:8
BRDA:52,0,0,2
BRDA:52,0,1,4
BRDA:52,1,0,6
BRDA:52,1,1,4
BRF:4
BRH:4
end_of_record
TN:
SF:/Users/mci/Projects/keith_alleman_dot_com/src/components/_atoms/01-list_items/HeaderListItemA.jsx
FN:11,(anonymous_0)
FN:16,(anonymous_1)
FN:20,(anonymous_2)
FNF:3
FNH:3
FNDA:6,(anonymous_0)
FNDA:6,(anonymous_1)
FNDA:4,(anonymous_2)
DA:6,1
DA:10,1
DA:11,6
DA:16,6
DA:20,1
DA:21,4
LF:6
LH:6
BRDA:16,0,0,4
BRDA:16,0,1,2
BRF:2
BRH:2
end_of_record
TN:
SF:/Users/mci/Projects/keith_alleman_dot_com/src/components/_atoms/01-list_items/InterestListItemsA.jsx
FNF:0
FNH:0
DA:4,1
LF:1
LH:1
BRF:0
BRH:0
end_of_record
TN:
SF:/Users/mci/Projects/keith_alleman_dot_com/src/components/_atoms/02-logos/HeaderLgLogoA.jsx
FN:14,(anonymous_0)
FN:29,(anonymous_1)
FN:38,(anonymous_2)
FNF:3
FNH:3
FNDA:4,(anonymous_0)
FNDA:4,(anonymous_1)
FNDA:4,(anonymous_2)
DA:5,1
DA:7,1
DA:14,4
DA:29,4
DA:38,4
LF:5
LH:5
BRF:0
BRH:0
end_of_record
TN:
SF:/Users/mci/Projects/keith_alleman_dot_com/src/components/_atoms/02-logos/HeaderSmLogoA.jsx
FN:10,(anonymous_0)
FN:22,(anonymous_1)
FNF:2
FNH:2
FNDA:4,(anonymous_0)
FNDA:4,(anonymous_1)
DA:5,1
DA:7,1
DA:10,4
DA:22,4
LF:4
LH:4
BRF:0
BRH:0
end_of_record
TN:
SF:/Users/mci/Projects/keith_alleman_dot_com/src/components/_atoms/03-backdrop/BackdropA.jsx
FNF:0
FNH:0
DA:3,2
LF:1
LH:1
BRF:0
BRH:0
end_of_record
TN:
SF:/Users/mci/Projects/keith_alleman_dot_com/src/components/_atoms/04-headers/SectionHeaderA.jsx
FN:5,(anonymous_0)
FN:12,(anonymous_1)
FN:13,(anonymous_2)
FN:14,(anonymous_3)
FN:15,(anonymous_4)
FN:16,(anonymous_5)
FN:17,(anonymous_6)
FN:18,(anonymous_7)
FN:21,(anonymous_8)
FNF:9
FNH:9
FNDA:4,(anonymous_0)
FNDA:4,(anonymous_1)
FNDA:4,(anonymous_2)
FNDA:4,(anonymous_3)
FNDA:4,(anonymous_4)
FNDA:4,(anonymous_5)
FNDA:4,(anonymous_6)
FNDA:4,(anonymous_7)
FNDA:3,(anonymous_8)
DA:4,1
DA:5,4
DA:9,1
DA:12,4
DA:13,4
DA:14,4
DA:15,4
DA:16,4
DA:17,4
DA:18,4
DA:21,1
DA:22,3
LF:12
LH:12
BRDA:15,0,0,0
BRDA:15,0,1,4
BRDA:16,1,0,0
BRDA:16,1,1,4
BRDA:17,2,0,0
BRDA:17,2,1,4
BRDA:18,3,0,0
BRDA:18,3,1,4
BRF:8
BRH:4
end_of_record
TN:
SF:/Users/mci/Projects/keith_alleman_dot_com/src/components/_atoms/05-wrappers/InterestsWrapperA.jsx
FNF:0
FNH:0
DA:3,1
LF:1
LH:1
BRF:0
BRH:0
end_of_record
TN:
SF:/Users/mci/Projects/keith_alleman_dot_com/src/components/_atoms/05-wrappers/SectionWrapper40A.jsx
FNF:0
FNH:0
DA:3,1
LF:1
LH:1
BRF:0
BRH:0
end_of_record
TN:
SF:/Users/mci/Projects/keith_alleman_dot_com/src/components/_atoms/05-wrappers/SectionWrapperAutoA.jsx
FNF:0
FNH:0
DA:3,1
LF:1
LH:1
BRF:0
BRH:0
end_of_record
TN:
SF:/Users/mci/Projects/keith_alleman_dot_com/src/components/_molecules/00-header/00-list_container/HeaderNavListContainerM.jsx
FN:32,(anonymous_0)
FNF:1
FNH:1
FNDA:1,(anonymous_0)
DA:5,1
DA:7,1
DA:17,1
DA:32,1
DA:33,1
LF:5
LH:5
BRF:0
BRH:0
end_of_record
TN:
SF:/Users/mci/Projects/keith_alleman_dot_com/src/components/_molecules/00-header/02-logo_container/HeaderLogoContainerM.jsx
FNF:0
FNH:0
DA:3,1
LF:1
LH:1
BRF:0
BRH:0
end_of_record
TN:
SF:/Users/mci/Projects/keith_alleman_dot_com/src/components/_molecules/00-header/03-nav_sandwich/HeaderNavSandwichM.jsx
FN:109,(anonymous_0)
FNF:1
FNH:1
FNDA:2,(anonymous_0)
DA:4,1
DA:49,1
DA:109,1
DA:110,2
LF:4
LH:4
BRDA:111,0,0,1
BRDA:111,0,1,1
BRF:2
BRH:2
end_of_record
TN:
SF:/Users/mci/Projects/keith_alleman_dot_com/src/components/_molecules/00-header/04-header_container/HeaderContainerM.jsx
FN:4,(anonymous_0)
FN:8,(anonymous_1)
FN:18,(anonymous_2)
FNF:3
FNH:3
FNDA:2,(anonymous_0)
FNDA:2,(anonymous_1)
FNDA:2,(anonymous_2)
DA:3,1
DA:4,2
DA:8,2
DA:18,2
LF:4
LH:4
BRF:0
BRH:0
end_of_record
TN:
SF:/Users/mci/Projects/keith_alleman_dot_com/src/components/_molecules/01-modal/00-modal/ModalM.jsx
FNF:0
FNH:0
DA:3,2
LF:1
LH:1
BRF:0
BRH:0
end_of_record
TN:
SF:/Users/mci/Projects/keith_alleman_dot_com/src/components/_molecules/01-modal/01-modal_container/ModalContainerM.jsx
FN:6,(anonymous_0)
FNF:1
FNH:1
FNDA:1,(anonymous_0)
DA:6,1
DA:7,1
LF:2
LH:2
BRF:0
BRH:0
end_of_record
TN:
SF:/Users/mci/Projects/keith_alleman_dot_com/src/components/_molecules/02-body_containers/MainRoleContainerM.jsx
FN:14,(anonymous_0)
FN:23,(anonymous_1)
FNF:2
FNH:2
FNDA:4,(anonymous_0)
FNDA:3,(anonymous_1)
DA:4,1
DA:14,4
DA:23,1
DA:24,3
LF:4
LH:4
BRDA:14,0,0,4
BRDA:14,0,1,2
BRF:2
BRH:2
end_of_record
TN:
SF:/Users/mci/Projects/keith_alleman_dot_com/src/components/_molecules/03-footer/FooterContainerM.jsx
FN:12,(anonymous_0)
FNF:1
FNH:1
FNDA:1,(anonymous_0)
DA:4,1
DA:12,1
DA:13,1
LF:3
LH:3
BRF:0
BRH:0
end_of_record
TN:
SF:/Users/mci/Projects/keith_alleman_dot_com/src/components/_molecules/04-list_containers/InterestListM.jsx
FN:11,(anonymous_0)
FN:14,(anonymous_1)
FN:15,(anonymous_2)
FNF:3
FNH:1
FNDA:1,(anonymous_0)
FNDA:0,(anonymous_1)
FNDA:0,(anonymous_2)
DA:7,1
DA:11,1
DA:12,1
DA:14,1
DA:15,0
DA:16,0
DA:18,0
DA:20,0
DA:23,1
DA:24,0
LF:10
LH:5
BRDA:23,0,0,1
BRDA:23,0,1,0
BRF:2
BRH:1
end_of_record
